<?xml version="1.0" encoding="utf-8"?><testsuites><testsuite name="pytest" errors="0" failures="0" skipped="0" tests="234" time="146.608" timestamp="2026-09-13T16:45:53.657052-04:00" hostname="ELDYROJAS"><testcase classname="tests.abastecimiento.test_abastecimiento" name="test_proveedores_requiere_permiso" time="0.628" /><testcase classname="tests.abastecimiento.test_abastecimiento" name="test_proveedores_sin_token_rechazado" time="0.066" /><testcase classname="tests.abastecimiento.test_abastecimiento" name="test_crear_y_obtener_proveedor" time="0.493" /><testcase classname="tests.abastecimiento.test_abastecimiento" name="test_proveedor_nit_duplicado_falla" time="0.483" /><testcase classname="tests.abastecimiento.test_abastecimiento" name="test_desactivar_proveedor" time="0.494" /><testcase classname="tests.abastecimiento.test_abastecimiento" name="test_agregar_y_quitar_producto_proveedor" time="0.577" /><testcase classname="tests.abastecimiento.test_abastecimiento" name="test_agregar_producto_proveedor_duplicado_falla" time="0.535" /><testcase classname="tests.abastecimiento.test_abastecimiento" name="test_crear_orden_compra_calcula_total" time="0.550" /><testcase classname="tests.abastecimiento.test_abastecimiento" name="test_orden_compra_codigo_duplicado_falla" time="0.537" /><testcase classname="tests.abastecimiento.test_abastecimiento" name="test_actualizar_orden_compra_solo_en_borrador" time="0.568" /><testcase classname="tests.abastecimiento.test_abastecimiento" name="test_enviar_orden_compra_cambia_estado" time="0.541" /><testcase classname="tests.abastecimiento.test_abastecimiento" name="test_anular_orden_compra_desde_borrador" time="0.531" /><testcase classname="tests.abastecimiento.test_abastecimiento" name="test_recepcion_genera_movimiento_de_tipo_recepcion" time="0.552" /><testcase classname="tests.abastecimiento.test_abastecimiento" name="test_recepcion_codigo_duplicado_falla" time="0.552" /><testcase classname="tests.abastecimiento.test_abastecimiento" name="test_recepcion_con_linea_invalida_no_deja_nada_aplicado" time="0.541" /><testcase classname="tests.abastecimiento.test_abastecimiento" name="test_recepcion_con_orden_compra_actualiza_estado_a_recibida" time="0.552" /><testcase classname="tests.abastecimiento.test_abastecimiento" name="test_recepcion_parcial_de_orden_compra" time="0.558" /><testcase classname="tests.abastecimiento.test_abastecimiento" name="test_recepcion_contra_orden_en_borrador_falla" time="0.546" /><testcase classname="tests.catalogo.test_catalogo" name="test_get_categorias_es_publico" time="0.067" /><testcase classname="tests.catalogo.test_catalogo" name="test_post_categorias_requiere_admin" time="0.486" /><testcase classname="tests.catalogo.test_catalogo" name="test_post_categorias_sin_token_rechazado" time="0.065" /><testcase classname="tests.catalogo.test_catalogo" name="test_categoria_no_puede_ser_su_propio_padre" time="0.486" /><testcase classname="tests.catalogo.test_catalogo" name="test_categoria_no_permite_ciclos" time="0.490" /><testcase classname="tests.catalogo.test_catalogo" name="test_no_permite_desactivar_categoria_con_hijos" time="0.487" /><testcase classname="tests.catalogo.test_catalogo" name="test_categoria_padre_inexistente_falla" time="0.577" /><testcase classname="tests.catalogo.test_catalogo" name="test_talla_codigo_unico" time="0.484" /><testcase classname="tests.catalogo.test_catalogo" name="test_tallas_se_listan_por_orden" time="0.487" /><testcase classname="tests.catalogo.test_catalogo" name="test_talla_sin_uso_se_puede_eliminar_fisicamente" time="0.507" /><testcase classname="tests.catalogo.test_catalogo" name="test_color_codigo_hex_invalido_es_rechazado" time="0.530" /><testcase classname="tests.catalogo.test_catalogo" name="test_color_codigo_hex_valido" time="0.514" /><testcase classname="tests.catalogo.test_catalogo" name="test_material_get_publico_post_admin" time="0.483" /><testcase classname="tests.catalogo.test_catalogo" name="test_temporada_fecha_fin_antes_de_inicio_falla" time="0.487" /><testcase classname="tests.catalogo.test_catalogo" name="test_temporada_actualizar_fecha_fin_antes_de_inicio_existente_falla" time="0.489" /><testcase classname="tests.catalogo.test_catalogo" name="test_temporada_duplicada_es_rechazada" time="0.484" /><testcase classname="tests.catalogo.test_catalogo" name="test_coleccion_con_temporada_inexistente_falla" time="0.488" /><testcase classname="tests.catalogo.test_catalogo" name="test_coleccion_sin_temporada_es_valida" time="0.481" /><testcase classname="tests.catalogo.test_catalogo_publico" name="test_catalogo_listado_es_publico" time="0.511" /><testcase classname="tests.catalogo.test_catalogo_publico" name="test_catalogo_detalle_es_publico" time="0.516" /><testcase classname="tests.catalogo.test_catalogo_publico" name="test_catalogo_no_muestra_producto_inactivo" time="0.530" /><testcase classname="tests.catalogo.test_catalogo_publico" name="test_catalogo_paginacion_maximo_50" time="0.076" /><testcase classname="tests.catalogo.test_catalogo_publico" name="test_buscar_por_texto_libre" time="0.525" /><testcase classname="tests.catalogo.test_catalogo_publico" name="test_buscar_por_categoria" time="0.524" /><testcase classname="tests.catalogo.test_catalogo_publico" name="test_buscar_por_talla_y_color" time="0.526" /><testcase classname="tests.catalogo.test_catalogo_publico" name="test_buscar_por_rango_de_precio" time="0.527" /><testcase classname="tests.catalogo.test_catalogo_publico" name="test_buscar_no_duplica_por_join_de_variantes" time="0.515" /><testcase classname="tests.catalogo.test_catalogo_publico" name="test_buscar_genero_invalido_rechazado" time="0.063" /><testcase classname="tests.catalogo.test_catalogo_publico" name="test_buscar_variante_por_codigo_de_barras_exacto" time="0.534" /><testcase classname="tests.catalogo.test_catalogo_publico" name="test_buscar_variante_por_nombre_requiere_catalogo_ver" time="0.514" /><testcase classname="tests.catalogo.test_catalogo_publico" name="test_detalle_para_dashboard_requiere_sesion" time="0.521" /><testcase classname="tests.catalogo.test_catalogo_publico" name="test_codigo_de_barras_duplicado_es_rechazado" time="0.537" /><testcase classname="tests.catalogo.test_catalogo_publico" name="test_favoritos_requiere_sesion" time="0.065" /><testcase classname="tests.catalogo.test_catalogo_publico" name="test_favoritos_flujo_completo" time="0.944" /><testcase classname="tests.catalogo.test_catalogo_publico" name="test_agregar_favorito_dos_veces_es_idempotente" time="0.947" /><testcase classname="tests.catalogo.test_catalogo_publico" name="test_quitar_favorito_inexistente_falla" time="0.484" /><testcase classname="tests.catalogo.test_catalogo_publico" name="test_agregar_favorito_con_variante_inexistente_falla" time="0.478" /><testcase classname="tests.catalogo.test_catalogo_publico" name="test_catalogo_con_30_productos_responde_rapido_y_sin_n_mas_1" time="0.778" /><testcase classname="tests.catalogo.test_imagenes" name="test_subir_imagen_no_expone_api_secret" time="0.512" /><testcase classname="tests.catalogo.test_imagenes" name="test_subir_imagen_guarda_public_id_no_url_completa" time="0.507" /><testcase classname="tests.catalogo.test_imagenes" name="test_subir_imagen_usa_carpeta_por_producto" time="0.510" /><testcase classname="tests.catalogo.test_imagenes" name="test_subir_imagen_tipo_invalido_es_rechazado" time="0.513" /><testcase classname="tests.catalogo.test_imagenes" name="test_subir_imagen_producto_inexistente_falla" time="0.483" /><testcase classname="tests.catalogo.test_imagenes" name="test_subir_imagen_requiere_admin" time="0.916" /><testcase classname="tests.catalogo.test_imagenes" name="test_marcar_principal_desmarca_las_demas" time="0.531" /><testcase classname="tests.catalogo.test_imagenes" name="test_eliminar_imagen_borra_en_cloudinary_y_en_la_base" time="0.507" /><testcase classname="tests.catalogo.test_imagenes" name="test_eliminar_imagen_inexistente_falla" time="0.484" /><testcase classname="tests.catalogo.test_producto" name="test_productos_requiere_admin_incluso_para_get" time="0.478" /><testcase classname="tests.catalogo.test_producto" name="test_productos_sin_token_rechazado" time="0.066" /><testcase classname="tests.catalogo.test_producto" name="test_crear_producto_genera_combinatoria_completa" time="0.644" /><testcase classname="tests.catalogo.test_producto" name="test_sku_es_unico_por_variante" time="0.518" /><testcase classname="tests.catalogo.test_producto" name="test_agregar_color_no_duplica_variantes_existentes" time="0.530" /><testcase classname="tests.catalogo.test_producto" name="test_producto_talla_inexistente_falla" time="0.501" /><testcase classname="tests.catalogo.test_producto" name="test_producto_color_inexistente_falla" time="0.495" /><testcase classname="tests.catalogo.test_producto" name="test_producto_categoria_inexistente_falla" time="0.503" /><testcase classname="tests.catalogo.test_producto" name="test_producto_codigo_duplicado_falla" time="0.520" /><testcase classname="tests.catalogo.test_producto" name="test_admite_probador_se_activa_en_categoria_torso_superior" time="0.518" /><testcase classname="tests.catalogo.test_producto" name="test_admite_probador_se_ignora_fuera_de_torso_superior" time="0.506" /><testcase classname="tests.catalogo.test_producto" name="test_admite_probador_se_recalcula_al_cambiar_categoria" time="0.522" /><testcase classname="tests.catalogo.test_producto" name="test_precio_efectivo_usa_precio_base_si_variante_no_tiene_precio" time="0.527" /><testcase classname="tests.catalogo.test_producto" name="test_precio_efectivo_usa_precio_propio_si_esta_definido" time="0.520" /><testcase classname="tests.catalogo.test_producto" name="test_medidas_crud" time="0.530" /><testcase classname="tests.catalogo.test_producto" name="test_medida_con_talla_inexistente_falla" time="0.524" /><testcase classname="tests.catalogo.test_producto" name="test_categoria_con_productos_no_se_puede_desactivar" time="0.514" /><testcase classname="tests.core.test_config" name="test_normaliza_postgres_a_psycopg" time="0.001" /><testcase classname="tests.core.test_config" name="test_normaliza_postgresql_a_psycopg" time="0.001" /><testcase classname="tests.core.test_config" name="test_no_toca_una_url_que_ya_es_psycopg" time="0.001" /><testcase classname="tests.core.test_config" name="test_no_toca_urls_de_otros_motores" time="0.001" /><testcase classname="tests.entregas.test_entregas" name="test_cotizar_sin_recargo_por_peso" time="0.510" /><testcase classname="tests.entregas.test_entregas" name="test_cotizar_con_recargo_por_peso" time="0.487" /><testcase classname="tests.entregas.test_entregas" name="test_cotizar_no_persiste_nada" time="0.513" /><testcase classname="tests.entregas.test_entregas" name="test_crear_envio_usa_costo_ya_fijado_en_la_venta" time="0.992" /><testcase classname="tests.entregas.test_entregas" name="test_no_se_puede_saltar_directo_a_entregado" time="0.984" /><testcase classname="tests.entregas.test_entregas" name="test_ciclo_completo_hasta_entregado" time="1.010" /><testcase classname="tests.inventario.test_inventario" name="test_movimientos_requiere_permiso_gestionar" time="0.939" /><testcase classname="tests.inventario.test_inventario" name="test_stock_sin_token_rechazado" time="0.517" /><testcase classname="tests.inventario.test_inventario" name="test_promedio_ponderado_tres_recepciones" time="0.539" /><testcase classname="tests.inventario.test_inventario" name="test_movimiento_que_no_afecta_costo_no_cambia_promedio" time="0.545" /><testcase classname="tests.inventario.test_inventario" name="test_movimiento_afecta_costo_requiere_costo_unitario" time="0.524" /><testcase classname="tests.inventario.test_inventario" name="test_movimiento_salida_reduce_stock" time="0.537" /><testcase classname="tests.inventario.test_inventario" name="test_movimiento_no_puede_dejar_stock_negativo" time="0.535" /><testcase classname="tests.inventario.test_inventario" name="test_movimiento_tipo_inexistente_falla" time="0.525" /><testcase classname="tests.inventario.test_inventario" name="test_movimiento_variante_inexistente_falla" time="0.524" /><testcase classname="tests.inventario.test_inventario" name="test_saldo_post_coincide_con_suma_acumulada" time="0.546" /><testcase classname="tests.inventario.test_inventario" name="test_reservar_no_altera_cantidad_fisica" time="0.529" /><testcase classname="tests.inventario.test_inventario" name="test_no_se_puede_reservar_mas_de_lo_disponible" time="0.699" /><testcase classname="tests.inventario.test_inventario" name="test_reservar_no_genera_movimiento" time="0.534" /><testcase classname="tests.inventario.test_inventario" name="test_liberar_stock_decrementa_reservada" time="0.552" /><testcase classname="tests.inventario.test_inventario" name="test_no_se_puede_liberar_mas_de_lo_reservado" time="0.537" /><testcase classname="tests.inventario.test_inventario" name="test_listar_tipos_movimiento" time="0.489" /><testcase classname="tests.inventario.test_inventario_p32" name="test_disponibilidad_sin_token_es_publica" time="0.529" /><testcase classname="tests.inventario.test_inventario_p32" name="test_disponibilidad_refleja_recepciones_por_sucursal" time="0.537" /><testcase classname="tests.inventario.test_inventario_p32" name="test_disponibilidad_variante_inexistente_falla" time="0.066" /><testcase classname="tests.inventario.test_inventario_p32" name="test_listar_stock_por_sucursal" time="0.555" /><testcase classname="tests.inventario.test_inventario_p32" name="test_actualizar_limites_stock" time="0.552" /><testcase classname="tests.inventario.test_inventario_p32" name="test_limites_maximo_menor_que_minimo_falla" time="0.536" /><testcase classname="tests.inventario.test_inventario_p32" name="test_alertas_disponible_bajo_minimo" time="0.546" /><testcase classname="tests.inventario.test_inventario_p32" name="test_alertas_no_incluye_stock_por_encima_del_minimo" time="0.538" /><testcase classname="tests.inventario.test_inventario_p32" name="test_consolidado_expone_columnas_de_la_vista" time="0.540" /><testcase classname="tests.inventario.test_inventario_p32" name="test_valuacion_suma_valor_inventario_por_sucursal" time="0.534" /><testcase classname="tests.inventario.test_inventario_p32" name="test_ajuste_positivo_incrementa_stock_sin_afectar_costo" time="0.539" /><testcase classname="tests.inventario.test_inventario_p32" name="test_ajuste_negativo_reduce_stock" time="0.544" /><testcase classname="tests.inventario.test_inventario_p32" name="test_ajuste_cantidad_cero_rechazado" time="0.530" /><testcase classname="tests.inventario.test_inventario_p32" name="test_transferencia_origen_igual_destino_falla" time="0.529" /><testcase classname="tests.inventario.test_inventario_p32" name="test_flujo_completo_transferencia" time="0.579" /><testcase classname="tests.inventario.test_inventario_p32" name="test_no_se_puede_enviar_transferencia_sin_stock_suficiente" time="0.552" /><testcase classname="tests.inventario.test_inventario_p32" name="test_no_se_puede_recibir_transferencia_pendiente" time="0.567" /><testcase classname="tests.inventario.test_inventario_p32" name="test_anular_transferencia_pendiente" time="0.532" /><testcase classname="tests.inventario.test_inventario_p32" name="test_no_se_puede_anular_transferencia_en_transito" time="0.555" /><testcase classname="tests.inventario.test_inventario_p32" name="test_transferencia_codigo_duplicado_falla" time="0.533" /><testcase classname="tests.inventario.test_inventario_p32" name="test_transferencias_requiere_permiso_gestionar_para_escribir" time="0.949" /><testcase classname="tests.organizacion.test_organizacion" name="test_ciudades_requiere_admin" time="0.495" /><testcase classname="tests.organizacion.test_organizacion" name="test_ciudades_sin_token_rechazado" time="0.064" /><testcase classname="tests.organizacion.test_organizacion" name="test_sucursales_get_es_publico" time="0.066" /><testcase classname="tests.organizacion.test_organizacion" name="test_sucursales_post_requiere_admin" time="0.477" /><testcase classname="tests.organizacion.test_organizacion" name="test_crear_sucursal_y_listar_publico_no_expone_empleados" time="0.497" /><testcase classname="tests.organizacion.test_organizacion" name="test_crear_sucursal_con_ciudad_inexistente_falla" time="0.695" /><testcase classname="tests.organizacion.test_organizacion" name="test_crear_sucursal_codigo_duplicado_falla" time="0.490" /><testcase classname="tests.organizacion.test_organizacion" name="test_horario_dia_duplicado_es_rechazado" time="0.521" /><testcase classname="tests.organizacion.test_organizacion" name="test_horario_cierre_antes_de_apertura_es_rechazado" time="0.498" /><testcase classname="tests.organizacion.test_organizacion" name="test_horarios_distintos_dias_se_pueden_crear" time="0.512" /><testcase classname="tests.organizacion.test_organizacion" name="test_horarios_get_es_publico" time="0.498" /><testcase classname="tests.organizacion.test_organizacion" name="test_horarios_post_sigue_requiriendo_admin" time="0.912" /><testcase classname="tests.organizacion.test_organizacion" name="test_empleado_pertenece_a_una_sola_sucursal" time="0.713" /><testcase classname="tests.organizacion.test_organizacion" name="test_empleado_con_usuario_inexistente_falla" time="0.487" /><testcase classname="tests.organizacion.test_organizacion" name="test_empleados_yo_devuelve_mi_propio_registro" time="0.903" /><testcase classname="tests.organizacion.test_organizacion" name="test_empleados_yo_sin_ser_empleado_da_404" time="0.484" /><testcase classname="tests.organizacion.test_organizacion" name="test_empleados_yo_no_requiere_permiso_admin" time="0.907" /><testcase classname="tests.pagos.test_pagos" name="test_calculo_de_cambio_en_efectivo" time="0.979" /><testcase classname="tests.pagos.test_pagos" name="test_efectivo_no_alcanza_no_se_puede_pagar" time="0.960" /><testcase classname="tests.pagos.test_pagos" name="test_pago_con_qr_no_tiene_cambio" time="0.981" /><testcase classname="tests.pagos.test_pagos" name="test_pago_rechazado_no_descuenta_stock" time="1.403" /><testcase classname="tests.pagos.test_pagos" name="test_webhook_duplicado_no_duplica_venta" time="1.431" /><testcase classname="tests.pagos.test_pagos" name="test_webhook_con_firma_invalida_se_rechaza" time="1.398" /><testcase classname="tests.probador.test_probador" name="test_requiere_admin" time="1.045" /><testcase classname="tests.probador.test_probador" name="test_sin_token_rechazado" time="0.503" /><testcase classname="tests.probador.test_probador" name="test_subir_png_con_alfa_valido" time="0.573" /><testcase classname="tests.probador.test_probador" name="test_rechaza_png_sin_canal_alfa_real" time="0.510" /><testcase classname="tests.probador.test_probador" name="test_rechaza_jpeg_disfrazado_de_png" time="0.523" /><testcase classname="tests.probador.test_probador" name="test_rechaza_content_type_no_png" time="0.565" /><testcase classname="tests.probador.test_probador" name="test_rechaza_imagen_menor_a_512px" time="0.525" /><testcase classname="tests.probador.test_probador" name="test_rechaza_archivo_mayor_a_3mb" time="0.583" /><testcase classname="tests.probador.test_probador" name="test_subir_asset_variante_inexistente_falla" time="0.535" /><testcase classname="tests.probador.test_probador" name="test_subir_asset_tipo_invalido_falla" time="0.567" /><testcase classname="tests.probador.test_probador" name="test_guardar_anclajes_normalizados" time="0.579" /><testcase classname="tests.probador.test_probador" name="test_anclajes_fuera_de_rango_rechazados" time="0.570" /><testcase classname="tests.probador.test_probador" name="test_anclajes_incompletos_rechazados" time="0.573" /><testcase classname="tests.probador.test_probador" name="test_no_se_puede_validar_sin_anclajes" time="0.568" /><testcase classname="tests.probador.test_probador" name="test_validar_con_anclajes_cambia_estado" time="0.574" /><testcase classname="tests.probador.test_probador" name="test_no_se_puede_revalidar" time="0.588" /><testcase classname="tests.probador.test_probador" name="test_listar_por_variante" time="0.835" /><testcase classname="tests.probador.test_probador" name="test_clonar_asset_a_otra_talla_del_mismo_producto" time="0.582" /><testcase classname="tests.probador.test_probador" name="test_clonar_asset_a_otro_producto_rechazado" time="0.599" /><testcase classname="tests.probador.test_probador_uso" name="test_assets_uso_sin_overlay_validado_falla" time="0.924" /><testcase classname="tests.probador.test_probador_uso" name="test_assets_uso_devuelve_overlay_validado" time="0.942" /><testcase classname="tests.probador.test_probador_uso" name="test_assets_uso_requiere_autenticacion" time="0.510" /><testcase classname="tests.probador.test_probador_uso" name="test_generar_sin_overlay_validado_falla" time="0.925" /><testcase classname="tests.probador.test_probador_uso" name="test_generar_prenda_no_admite_probador_falla" time="0.923" /><testcase classname="tests.probador.test_probador_uso" name="test_generar_primera_vez_no_es_cache_y_termina_completada" time="0.951" /><testcase classname="tests.probador.test_probador_uso" name="test_cache_segunda_llamada_con_misma_foto_es_instantanea" time="0.988" /><testcase classname="tests.probador.test_probador_uso" name="test_generar_foto_original_no_se_persiste" time="0.961" /><testcase classname="tests.probador.test_probador_uso" name="test_generar_limite_diario" time="0.980" /><testcase classname="tests.probador.test_probador_uso" name="test_generar_limite_diario_no_cuenta_hits_de_cache" time="0.973" /><testcase classname="tests.probador.test_probador_uso" name="test_generar_timeout_no_bloquea_el_background_task" time="1.164" /><testcase classname="tests.probador.test_probador_uso" name="test_generar_requiere_autenticacion" time="0.519" /><testcase classname="tests.probador.test_probador_uso" name="test_consultar_generacion_ajena_falla" time="1.361" /><testcase classname="tests.probador.test_probador_uso" name="test_registrar_sesion_ok" time="0.943" /><testcase classname="tests.probador.test_probador_uso" name="test_registrar_sesion_variante_inexistente_falla" time="0.483" /><testcase classname="tests.probador.test_probador_uso" name="test_registrar_sesion_requiere_autenticacion" time="0.511" /><testcase classname="tests.probador.test_probador_uso" name="test_recomendar_talla_sin_tabla_medida_devuelve_advertencia" time="0.925" /><testcase classname="tests.probador.test_probador_uso" name="test_recomendar_talla_regular_elige_la_que_calza" time="0.949" /><testcase classname="tests.probador.test_probador_uso" name="test_recomendar_talla_ajustado_baja_una_talla" time="0.941" /><testcase classname="tests.probador.test_probador_uso" name="test_recomendar_talla_holgado_sube_una_talla" time="0.971" /><testcase classname="tests.probador.test_probador_uso" name="test_recomendar_talla_variante_inexistente_falla" time="0.479" /><testcase classname="tests.probador.test_probador_uso" name="test_recomendar_talla_requiere_autenticacion" time="0.512" /><testcase classname="tests.reservas.test_reservas" name="test_crear_reserva_descuenta_disponible" time="0.971" /><testcase classname="tests.reservas.test_reservas" name="test_crear_reserva_sin_stock_suficiente_falla" time="0.955" /><testcase classname="tests.reservas.test_reservas" name="test_crear_reserva_franja_fuera_de_horario_falla" time="0.952" /><testcase classname="tests.reservas.test_reservas" name="test_crear_reserva_rango_horario_invertido_falla" time="0.949" /><testcase classname="tests.reservas.test_reservas" name="test_crear_reserva_dia_sin_horario_configurado_falla" time="0.950" /><testcase classname="tests.reservas.test_reservas" name="test_crear_reserva_requiere_autenticacion" time="0.734" /><testcase classname="tests.reservas.test_reservas" name="test_crear_reserva_genera_notificaciones_a_empleados" time="1.386" /><testcase classname="tests.reservas.test_reservas" name="test_transicion_invalida_falla" time="0.973" /><testcase classname="tests.reservas.test_reservas" name="test_preparar_notifica_al_cliente" time="0.975" /><testcase classname="tests.reservas.test_reservas" name="test_flujo_completo_hasta_completada" time="0.983" /><testcase classname="tests.reservas.test_reservas" name="test_cancelar_reserva_devuelve_disponible" time="0.996" /><testcase classname="tests.reservas.test_reservas" name="test_no_se_puede_cancelar_reserva_en_prueba" time="0.981" /><testcase classname="tests.reservas.test_reservas" name="test_cliente_no_puede_cancelar_reserva_ajena" time="1.390" /><testcase classname="tests.reservas.test_reservas" name="test_seleccion_parcial_libera_solo_lo_no_seleccionado" time="1.038" /><testcase classname="tests.reservas.test_reservas" name="test_no_se_puede_reseleccionar_linea_ya_decidida" time="0.995" /><testcase classname="tests.reservas.test_reservas" name="test_seleccion_solo_valida_en_estado_en_prueba" time="0.966" /><testcase classname="tests.reservas.test_reservas" name="test_mis_reservas_solo_devuelve_las_propias" time="0.972" /><testcase classname="tests.reservas.test_reservas" name="test_listar_reservas_sucursal_requiere_permiso_staff" time="0.958" /><testcase classname="tests.reservas.test_reservas" name="test_listar_reservas_sucursal_staff_ok" time="0.966" /><testcase classname="tests.reservas.test_reservas" name="test_expirar_reservas_requiere_token" time="0.065" /><testcase classname="tests.reservas.test_reservas" name="test_expirar_reservas_libera_stock_y_cambia_estado" time="0.991" /><testcase classname="tests.seguridad.test_auth" name="test_registro_crea_usuario_con_rol_cliente" time="0.279" /><testcase classname="tests.seguridad.test_auth" name="test_registro_no_persiste_la_contrasena_en_texto_plano" time="0.277" /><testcase classname="tests.seguridad.test_auth" name="test_login_correcto_devuelve_tokens" time="0.481" /><testcase classname="tests.seguridad.test_auth" name="test_login_con_contrasena_incorrecta_falla" time="0.481" /><testcase classname="tests.seguridad.test_auth" name="test_endpoint_protegido_sin_token_es_rechazado" time="0.067" /><testcase classname="tests.seguridad.test_auth" name="test_endpoint_protegido_con_rol_insuficiente_es_rechazado" time="0.486" /><testcase classname="tests.seguridad.test_auth" name="test_require_permission_revisa_la_tabla_en_vivo_no_el_token" time="0.493" /><testcase classname="tests.seguridad.test_auth" name="test_yo_devuelve_roles_y_permisos_del_usuario" time="0.483" /><testcase classname="tests.test_health" name="test_health_ok_cuando_la_base_responde" time="0.063" /><testcase classname="tests.test_health" name="test_health_503_cuando_la_base_no_responde" time="0.086" /><testcase classname="tests.test_seed_operativo" name="test_dry_run_no_escribe" time="0.092" /><testcase classname="tests.test_seed_operativo" name="test_seed_operativo_crea_todo_consistente_e_idempotente" time="1.502" /><testcase classname="tests.ventas.test_ventas" name="test_venta_presencial_descuenta_stock" time="0.988" /><testcase classname="tests.ventas.test_ventas" name="test_no_se_puede_vender_mas_de_lo_disponible" time="1.215" /><testcase classname="tests.ventas.test_ventas" name="test_costo_congelado_no_cambia_con_recepcion_posterior" time="1.002" /><testcase classname="tests.ventas.test_ventas" name="test_venta_desde_reserva_libera_stock_reservado" time="1.456" /><testcase classname="tests.ventas.test_ventas" name="test_promocion_vigente_aplica_descuento" time="0.970" /><testcase classname="tests.ventas.test_ventas" name="test_devolucion_reingresa_stock" time="1.001" /><testcase classname="tests.ventas.test_ventas" name="test_devolucion_no_puede_superar_lo_vendido" time="0.984" /><testcase classname="tests.ventas.test_ventas" name="test_venta_digital_desde_carrito_lo_vacia" time="1.392" /></testsuite></testsuites>